2025-12-21 14:37:32,181 INFO o.a.j.u.JMeterUtils: Setting Locale to en_EN
2025-12-21 14:37:32,268 INFO o.a.j.JMeter: Loading user properties from: /tmp/jmeter/apache-jmeter-5.6.3/bin/user.properties
2025-12-21 14:37:32,268 INFO o.a.j.JMeter: Loading system properties from: /tmp/jmeter/apache-jmeter-5.6.3/bin/system.properties
2025-12-21 14:37:32,281 INFO o.a.j.JMeter: Copyright (c) 1998-2024 The Apache Software Foundation
2025-12-21 14:37:32,281 INFO o.a.j.JMeter: Version 5.6.3
2025-12-21 14:37:32,281 INFO o.a.j.JMeter: java.version=11
2025-12-21 14:37:32,282 INFO o.a.j.JMeter: java.vm.name=OpenJDK 64-Bit Server VM
2025-12-21 14:37:32,282 INFO o.a.j.JMeter: os.name=Linux
2025-12-21 14:37:32,282 INFO o.a.j.JMeter: os.arch=amd64
2025-12-21 14:37:32,282 INFO o.a.j.JMeter: os.version=6.8.0-90-generic
2025-12-21 14:37:32,282 INFO o.a.j.JMeter: file.encoding=UTF-8
2025-12-21 14:37:32,282 INFO o.a.j.JMeter: java.awt.headless=true
2025-12-21 14:37:32,283 INFO o.a.j.JMeter: Max memory     =1073741824
2025-12-21 14:37:32,283 INFO o.a.j.JMeter: Available Processors =8
2025-12-21 14:37:32,301 INFO o.a.j.JMeter: Default Locale=English (EN)
2025-12-21 14:37:32,302 INFO o.a.j.JMeter: JMeter  Locale=English (EN)
2025-12-21 14:37:32,302 INFO o.a.j.JMeter: JMeterHome=/tmp/jmeter/apache-jmeter-5.6.3
2025-12-21 14:37:32,302 INFO o.a.j.JMeter: user.dir  =/home/edinholaptop/Documents/4ano/ASCN/GrupoTP-19
2025-12-21 14:37:32,303 INFO o.a.j.JMeter: PWD       =/home/edinholaptop/Documents/4ano/ASCN/GrupoTP-19
2025-12-21 14:37:32,303 INFO o.a.j.JMeter: IP: 127.0.1.1 Name: edinholaptop FullName: edinholaptop
2025-12-21 14:37:32,335 INFO o.a.j.JMeter: Setting property 'jmeter.reportgenerator.outputdir' to:'/tmp/jmeter/results/report'
2025-12-21 14:37:32,341 INFO o.a.j.s.FileServer: Default base='/home/edinholaptop/Documents/4ano/ASCN/GrupoTP-19'
2025-12-21 14:37:32,344 INFO o.a.j.s.FileServer: Set new base='/tmp/jmeter/tests'
2025-12-21 14:37:32,605 INFO o.a.j.s.SaveService: Testplan (JMX) version: 2.2. Testlog (JTL) version: 2.2
2025-12-21 14:37:32,652 INFO o.a.j.s.SaveService: Using SaveService properties version 5.0
2025-12-21 14:37:32,659 INFO o.a.j.s.SaveService: Using SaveService properties file encoding UTF-8
2025-12-21 14:37:32,666 INFO o.a.j.s.SaveService: Loading file: /tmp/jmeter/tests/test.jmx
2025-12-21 14:37:32,801 INFO o.a.j.p.h.s.HTTPSamplerBase: Parser for text/html is org.apache.jmeter.protocol.http.parser.LagartoBasedHtmlParser
2025-12-21 14:37:32,802 INFO o.a.j.p.h.s.HTTPSamplerBase: Parser for application/xhtml+xml is org.apache.jmeter.protocol.http.parser.LagartoBasedHtmlParser
2025-12-21 14:37:32,802 INFO o.a.j.p.h.s.HTTPSamplerBase: Parser for application/xml is org.apache.jmeter.protocol.http.parser.LagartoBasedHtmlParser
2025-12-21 14:37:32,802 INFO o.a.j.p.h.s.HTTPSamplerBase: Parser for text/xml is org.apache.jmeter.protocol.http.parser.LagartoBasedHtmlParser
2025-12-21 14:37:32,802 INFO o.a.j.p.h.s.HTTPSamplerBase: Parser for text/vnd.wap.wml is org.apache.jmeter.protocol.http.parser.RegexpHTMLParser
2025-12-21 14:37:32,802 INFO o.a.j.p.h.s.HTTPSamplerBase: Parser for text/css is org.apache.jmeter.protocol.http.parser.CssParser
2025-12-21 14:37:32,858 INFO o.a.j.JMeter: Creating summariser <summary>
2025-12-21 14:37:32,868 INFO o.a.j.r.d.ReportGenerator: ReportGenerator will use for Parsing the separator: ','
2025-12-21 14:37:32,868 INFO o.a.j.r.d.ReportGenerator: Will generate report at end of test from  results file: /tmp/jmeter/results/results.jtl
2025-12-21 14:37:32,868 INFO o.a.j.r.d.ReportGenerator: Reading report generator properties from: /tmp/jmeter/apache-jmeter-5.6.3/bin/reportgenerator.properties
2025-12-21 14:37:32,869 INFO o.a.j.r.d.ReportGenerator: Merging with JMeter properties
2025-12-21 14:37:32,878 INFO o.a.j.r.c.ReportGeneratorConfiguration: Property 'jmeter.reportgenerator.temp_dir' not found, using default value 'temp' instead.
2025-12-21 14:37:32,883 INFO o.a.j.r.c.ReportGeneratorConfiguration: Property 'jmeter.reportgenerator.apdex_per_transaction' not found, using default value 'null' instead.
2025-12-21 14:37:32,883 INFO o.a.j.r.c.ReportGeneratorConfiguration: apdex_per_transaction is empty, not APDEX per transaction customization
2025-12-21 14:37:32,884 INFO o.a.j.r.c.ReportGeneratorConfiguration: Property 'jmeter.reportgenerator.sample_filter' not found, using default value 'null' instead.
2025-12-21 14:37:32,884 INFO o.a.j.r.c.ReportGeneratorConfiguration: Property 'jmeter.reportgenerator.report_title' not found, using default value 'null' instead.
2025-12-21 14:37:32,884 INFO o.a.j.r.c.ReportGeneratorConfiguration: Property 'jmeter.reportgenerator.start_date' not found, using default value 'null' instead.
2025-12-21 14:37:32,884 INFO o.a.j.r.c.ReportGeneratorConfiguration: Property 'jmeter.reportgenerator.end_date' not found, using default value 'null' instead.
2025-12-21 14:37:32,884 INFO o.a.j.r.c.ReportGeneratorConfiguration: Property 'jmeter.reportgenerator.date_format' not found, using default value 'null' instead.
2025-12-21 14:37:32,888 INFO o.a.j.r.c.ReportGeneratorConfiguration: Will use date range start date: null, end date: null
2025-12-21 14:37:32,897 INFO o.a.j.r.c.ReportGeneratorConfiguration: Property 'jmeter.reportgenerator.graph.totalTPS.exclude_controllers' not found, using default value 'false' instead.
2025-12-21 14:37:32,897 INFO o.a.j.r.c.ReportGeneratorConfiguration: Property 'jmeter.reportgenerator.graph.activeThreadsOverTime.exclude_controllers' not found, using default value 'false' instead.
2025-12-21 14:37:32,898 INFO o.a.j.r.c.ReportGeneratorConfiguration: Property 'jmeter.reportgenerator.graph.timeVsThreads.exclude_controllers' not found, using default value 'false' instead.
2025-12-21 14:37:32,898 INFO o.a.j.r.c.ReportGeneratorConfiguration: Property 'jmeter.reportgenerator.graph.responseTimeDistribution.exclude_controllers' not found, using default value 'false' instead.
2025-12-21 14:37:32,898 INFO o.a.j.r.c.ReportGeneratorConfiguration: Property 'jmeter.reportgenerator.graph.transactionsPerSecond.exclude_controllers' not found, using default value 'false' instead.
2025-12-21 14:37:32,899 INFO o.a.j.r.c.ReportGeneratorConfiguration: Property 'jmeter.reportgenerator.graph.responseTimePercentiles.exclude_controllers' not found, using default value 'false' instead.
2025-12-21 14:37:32,899 INFO o.a.j.r.c.ReportGeneratorConfiguration: Property 'jmeter.reportgenerator.graph.responseTimePercentilesOverTime.exclude_controllers' not found, using default value 'false' instead.
2025-12-21 14:37:32,899 INFO o.a.j.r.c.ReportGeneratorConfiguration: Property 'jmeter.reportgenerator.graph.responseTimesOverTime.exclude_controllers' not found, using default value 'false' instead.
2025-12-21 14:37:32,900 INFO o.a.j.r.c.ReportGeneratorConfiguration: Property 'jmeter.reportgenerator.graph.connectTimeOverTime.exclude_controllers' not found, using default value 'false' instead.
2025-12-21 14:37:32,900 INFO o.a.j.r.c.ReportGeneratorConfiguration: Property 'jmeter.reportgenerator.graph.latenciesOverTime.exclude_controllers' not found, using default value 'false' instead.
2025-12-21 14:37:32,902 INFO o.a.j.r.c.ReportGeneratorConfiguration: Property 'jmeter.reportgenerator.exporter.json.filters_only_sample_series' not found, using default value 'true' instead.
2025-12-21 14:37:32,902 INFO o.a.j.r.c.ReportGeneratorConfiguration: Property 'jmeter.reportgenerator.exporter.json.series_filter' not found, using default value '' instead.
2025-12-21 14:37:32,903 INFO o.a.j.r.c.ReportGeneratorConfiguration: Property 'jmeter.reportgenerator.exporter.json.show_controllers_only' not found, using default value 'false' instead.
2025-12-21 14:37:32,903 INFO o.a.j.r.c.ReportGeneratorConfiguration: Property 'jmeter.reportgenerator.exporter.html.filters_only_sample_series' not found, using default value 'true' instead.
2025-12-21 14:37:32,904 INFO o.a.j.r.c.ReportGeneratorConfiguration: Property 'jmeter.reportgenerator.exporter.html.series_filter' not found, using default value '' instead.
2025-12-21 14:37:32,904 INFO o.a.j.r.c.ReportGeneratorConfiguration: Property 'jmeter.reportgenerator.exporter.html.show_controllers_only' not found, using default value 'false' instead.
2025-12-21 14:37:32,939 INFO o.a.j.e.StandardJMeterEngine: Running the test!
2025-12-21 14:37:32,941 INFO o.a.j.s.SampleEvent: List of sample_variables: []
2025-12-21 14:37:32,941 INFO o.a.j.s.SampleEvent: List of sample_variables: []
2025-12-21 14:37:32,962 INFO o.a.j.e.u.CompoundVariable: Note: Function class names must contain the string: '.functions.'
2025-12-21 14:37:32,962 INFO o.a.j.e.u.CompoundVariable: Note: Function class names must not contain the string: '.gui.'
2025-12-21 14:37:33,667 INFO o.a.j.JMeter: Running test (1766327853667)
2025-12-21 14:37:33,709 INFO o.a.j.e.StandardJMeterEngine: Starting ThreadGroup: 1 : Thread Group
2025-12-21 14:37:33,709 INFO o.a.j.e.StandardJMeterEngine: Starting 100 threads for group Thread Group.
2025-12-21 14:37:33,710 INFO o.a.j.e.StandardJMeterEngine: Thread will continue on error
2025-12-21 14:37:33,710 INFO o.a.j.t.ThreadGroup: Starting thread group... number=1 threads=100 ramp-up=1 delayedStart=false
2025-12-21 14:37:33,741 INFO o.a.j.t.JMeterThread: Thread started: Thread Group 1-2
2025-12-21 14:37:33,743 INFO o.a.j.t.JMeterThread: Thread started: Thread Group 1-1
2025-12-21 14:37:33,745 INFO o.a.j.t.JMeterThread: Thread started: Thread Group 1-3
2025-12-21 14:37:33,753 INFO o.a.j.t.JMeterThread: Thread started: Thread Group 1-4
2025-12-21 14:37:33,760 INFO o.a.j.t.JMeterThread: Thread started: Thread Group 1-5
2025-12-21 14:37:33,770 INFO o.a.j.t.JMeterThread: Thread started: Thread Group 1-6
2025-12-21 14:37:33,774 INFO o.a.j.t.JMeterThread: Thread started: Thread Group 1-7
2025-12-21 14:37:33,785 INFO o.a.j.t.JMeterThread: Thread started: Thread Group 1-8
2025-12-21 14:37:33,794 INFO o.a.j.t.JMeterThread: Thread started: Thread Group 1-9
2025-12-21 14:37:33,804 INFO o.a.j.t.JMeterThread: Thread started: Thread Group 1-10
2025-12-21 14:37:33,815 INFO o.a.j.t.JMeterThread: Thread started: Thread Group 1-11
2025-12-21 14:37:33,825 INFO o.a.j.t.JMeterThread: Thread started: Thread Group 1-12
2025-12-21 14:37:33,832 INFO o.a.j.t.ThreadGroup: Started thread group number 1
2025-12-21 14:37:33,832 INFO o.a.j.e.StandardJMeterEngine: All thread groups have been started
2025-12-21 14:37:33,833 INFO o.a.j.t.JMeterThread: Thread started: Thread Group 1-13
2025-12-21 14:37:33,845 INFO o.a.j.t.JMeterThread: Thread started: Thread Group 1-14
2025-12-21 14:37:33,852 INFO o.a.j.t.JMeterThread: Thread started: Thread Group 1-15
2025-12-21 14:37:33,862 INFO o.a.j.t.JMeterThread: Thread started: Thread Group 1-16
2025-12-21 14:37:33,872 INFO o.a.j.t.JMeterThread: Thread started: Thread Group 1-17
2025-12-21 14:37:33,882 INFO o.a.j.t.JMeterThread: Thread started: Thread Group 1-18
2025-12-21 14:37:33,892 INFO o.a.j.t.JMeterThread: Thread started: Thread Group 1-19
2025-12-21 14:37:33,902 INFO o.a.j.t.JMeterThread: Thread started: Thread Group 1-20
2025-12-21 14:37:33,912 INFO o.a.j.t.JMeterThread: Thread started: Thread Group 1-21
2025-12-21 14:37:33,922 INFO o.a.j.t.JMeterThread: Thread started: Thread Group 1-22
2025-12-21 14:37:33,933 INFO o.a.j.t.JMeterThread: Thread started: Thread Group 1-23
2025-12-21 14:37:33,941 INFO o.a.j.t.JMeterThread: Thread started: Thread Group 1-24
2025-12-21 14:37:33,952 INFO o.a.j.t.JMeterThread: Thread started: Thread Group 1-25
2025-12-21 14:37:33,962 INFO o.a.j.t.JMeterThread: Thread started: Thread Group 1-26
2025-12-21 14:37:33,972 INFO o.a.j.t.JMeterThread: Thread started: Thread Group 1-27
2025-12-21 14:37:33,982 INFO o.a.j.t.JMeterThread: Thread started: Thread Group 1-28
2025-12-21 14:37:33,992 INFO o.a.j.t.JMeterThread: Thread started: Thread Group 1-29
2025-12-21 14:37:34,001 INFO o.a.j.t.JMeterThread: Thread started: Thread Group 1-30
2025-12-21 14:37:34,011 INFO o.a.j.t.JMeterThread: Thread started: Thread Group 1-31
2025-12-21 14:37:34,021 INFO o.a.j.t.JMeterThread: Thread started: Thread Group 1-32
2025-12-21 14:37:34,032 INFO o.a.j.t.JMeterThread: Thread started: Thread Group 1-33
2025-12-21 14:37:34,042 INFO o.a.j.t.JMeterThread: Thread started: Thread Group 1-34
2025-12-21 14:37:34,051 INFO o.a.j.t.JMeterThread: Thread started: Thread Group 1-35
2025-12-21 14:37:34,062 INFO o.a.j.t.JMeterThread: Thread started: Thread Group 1-36
2025-12-21 14:37:34,072 INFO o.a.j.t.JMeterThread: Thread started: Thread Group 1-37
2025-12-21 14:37:34,082 INFO o.a.j.t.JMeterThread: Thread started: Thread Group 1-38
2025-12-21 14:37:34,093 INFO o.a.j.t.JMeterThread: Thread started: Thread Group 1-39
2025-12-21 14:37:34,101 INFO o.a.j.t.JMeterThread: Thread started: Thread Group 1-40
2025-12-21 14:37:34,104 INFO o.a.j.p.h.s.HTTPHCAbstractImpl: Local host = edinholaptop
2025-12-21 14:37:34,112 INFO o.a.j.t.JMeterThread: Thread started: Thread Group 1-41
2025-12-21 14:37:34,117 INFO o.a.j.p.h.s.HTTPHC4Impl: HTTP request retry count = 0
2025-12-21 14:37:34,120 INFO o.a.j.s.SampleResult: Note: Sample TimeStamps are START times
2025-12-21 14:37:34,120 INFO o.a.j.s.SampleResult: sampleresult.default.encoding is set to UTF-8
2025-12-21 14:37:34,120 INFO o.a.j.s.SampleResult: sampleresult.useNanoTime=true
2025-12-21 14:37:34,120 INFO o.a.j.s.SampleResult: sampleresult.nanoThreadSleep=5000
2025-12-21 14:37:34,122 INFO o.a.j.t.JMeterThread: Thread started: Thread Group 1-42
2025-12-21 14:37:34,131 INFO o.a.j.t.JMeterThread: Thread started: Thread Group 1-43
2025-12-21 14:37:34,141 INFO o.a.j.t.JMeterThread: Thread started: Thread Group 1-44
2025-12-21 14:37:34,153 INFO o.a.j.t.JMeterThread: Thread started: Thread Group 1-45
2025-12-21 14:37:34,162 INFO o.a.j.t.JMeterThread: Thread started: Thread Group 1-46
2025-12-21 14:37:34,172 INFO o.a.j.t.JMeterThread: Thread started: Thread Group 1-47
2025-12-21 14:37:34,181 INFO o.a.j.t.JMeterThread: Thread started: Thread Group 1-48
2025-12-21 14:37:34,191 INFO o.a.j.t.JMeterThread: Thread started: Thread Group 1-49
2025-12-21 14:37:34,201 INFO o.a.j.t.JMeterThread: Thread started: Thread Group 1-50
2025-12-21 14:37:34,212 INFO o.a.j.t.JMeterThread: Thread started: Thread Group 1-51
2025-12-21 14:37:34,221 INFO o.a.j.t.JMeterThread: Thread started: Thread Group 1-52
2025-12-21 14:37:34,231 INFO o.a.j.t.JMeterThread: Thread started: Thread Group 1-53
2025-12-21 14:37:34,242 INFO o.a.j.t.JMeterThread: Thread started: Thread Group 1-54
2025-12-21 14:37:34,251 INFO o.a.j.t.JMeterThread: Thread started: Thread Group 1-55
2025-12-21 14:37:34,261 INFO o.a.j.t.JMeterThread: Thread started: Thread Group 1-56
2025-12-21 14:37:34,271 INFO o.a.j.t.JMeterThread: Thread started: Thread Group 1-57
2025-12-21 14:37:34,282 INFO o.a.j.t.JMeterThread: Thread started: Thread Group 1-58
2025-12-21 14:37:34,291 INFO o.a.j.t.JMeterThread: Thread started: Thread Group 1-59
2025-12-21 14:37:34,301 INFO o.a.j.t.JMeterThread: Thread started: Thread Group 1-60
2025-12-21 14:37:34,311 INFO o.a.j.t.JMeterThread: Thread started: Thread Group 1-61
2025-12-21 14:37:34,322 INFO o.a.j.t.JMeterThread: Thread started: Thread Group 1-62
2025-12-21 14:37:34,332 INFO o.a.j.t.JMeterThread: Thread started: Thread Group 1-63
2025-12-21 14:37:34,342 INFO o.a.j.t.JMeterThread: Thread started: Thread Group 1-64
2025-12-21 14:37:34,351 INFO o.a.j.t.JMeterThread: Thread started: Thread Group 1-65
2025-12-21 14:37:34,361 INFO o.a.j.t.JMeterThread: Thread started: Thread Group 1-66
2025-12-21 14:37:34,372 INFO o.a.j.t.JMeterThread: Thread started: Thread Group 1-67
2025-12-21 14:37:34,381 INFO o.a.j.t.JMeterThread: Thread started: Thread Group 1-68
2025-12-21 14:37:34,391 INFO o.a.j.t.JMeterThread: Thread started: Thread Group 1-69
2025-12-21 14:37:34,401 INFO o.a.j.t.JMeterThread: Thread started: Thread Group 1-70
2025-12-21 14:37:34,411 INFO o.a.j.t.JMeterThread: Thread started: Thread Group 1-71
2025-12-21 14:37:34,421 INFO o.a.j.t.JMeterThread: Thread started: Thread Group 1-72
2025-12-21 14:37:34,432 INFO o.a.j.t.JMeterThread: Thread started: Thread Group 1-73
2025-12-21 14:37:34,442 INFO o.a.j.t.JMeterThread: Thread started: Thread Group 1-74
2025-12-21 14:37:34,451 INFO o.a.j.t.JMeterThread: Thread started: Thread Group 1-75
2025-12-21 14:37:34,461 INFO o.a.j.t.JMeterThread: Thread started: Thread Group 1-76
2025-12-21 14:37:34,472 INFO o.a.j.t.JMeterThread: Thread started: Thread Group 1-77
2025-12-21 14:37:34,482 INFO o.a.j.t.JMeterThread: Thread started: Thread Group 1-78
2025-12-21 14:37:34,491 INFO o.a.j.t.JMeterThread: Thread started: Thread Group 1-79
2025-12-21 14:37:34,501 INFO o.a.j.t.JMeterThread: Thread started: Thread Group 1-80
2025-12-21 14:37:34,512 INFO o.a.j.t.JMeterThread: Thread started: Thread Group 1-81
2025-12-21 14:37:34,522 INFO o.a.j.t.JMeterThread: Thread started: Thread Group 1-82
2025-12-21 14:37:34,531 INFO o.a.j.t.JMeterThread: Thread started: Thread Group 1-83
2025-12-21 14:37:34,541 INFO o.a.j.t.JMeterThread: Thread started: Thread Group 1-84
2025-12-21 14:37:34,552 INFO o.a.j.t.JMeterThread: Thread started: Thread Group 1-85
2025-12-21 14:37:34,562 INFO o.a.j.t.JMeterThread: Thread started: Thread Group 1-86
2025-12-21 14:37:34,571 INFO o.a.j.t.JMeterThread: Thread started: Thread Group 1-87
2025-12-21 14:37:34,582 INFO o.a.j.t.JMeterThread: Thread started: Thread Group 1-88
2025-12-21 14:37:34,592 INFO o.a.j.t.JMeterThread: Thread started: Thread Group 1-89
2025-12-21 14:37:34,601 INFO o.a.j.t.JMeterThread: Thread started: Thread Group 1-90
2025-12-21 14:37:34,612 INFO o.a.j.t.JMeterThread: Thread started: Thread Group 1-91
2025-12-21 14:37:34,621 INFO o.a.j.t.JMeterThread: Thread started: Thread Group 1-92
2025-12-21 14:37:34,631 INFO o.a.j.t.JMeterThread: Thread started: Thread Group 1-93
2025-12-21 14:37:34,642 INFO o.a.j.t.JMeterThread: Thread started: Thread Group 1-94
2025-12-21 14:37:34,651 INFO o.a.j.t.JMeterThread: Thread started: Thread Group 1-95
2025-12-21 14:37:34,661 INFO o.a.j.t.JMeterThread: Thread started: Thread Group 1-96
2025-12-21 14:37:34,671 INFO o.a.j.t.JMeterThread: Thread started: Thread Group 1-97
2025-12-21 14:37:34,681 INFO o.a.j.t.JMeterThread: Thread started: Thread Group 1-98
2025-12-21 14:37:34,692 INFO o.a.j.t.JMeterThread: Thread started: Thread Group 1-99
2025-12-21 14:37:34,701 INFO o.a.j.t.JMeterThread: Thread started: Thread Group 1-100
2025-12-21 14:37:35,274 INFO o.a.j.r.Summariser: summary +      1 in 00:00:02 =    0.6/s Avg:   940 Min:   940 Max:   940 Err:     0 (0.00%) Active: 100 Started: 100 Finished: 0
2025-12-21 14:37:46,408 INFO o.a.j.t.JMeterThread: Thread is done: Thread Group 1-25
2025-12-21 14:37:46,408 INFO o.a.j.t.JMeterThread: Thread finished: Thread Group 1-25
2025-12-21 14:37:46,413 INFO o.a.j.t.JMeterThread: Thread is done: Thread Group 1-7
2025-12-21 14:37:46,413 INFO o.a.j.t.JMeterThread: Thread finished: Thread Group 1-7
2025-12-21 14:37:46,430 INFO o.a.j.t.JMeterThread: Thread is done: Thread Group 1-16
2025-12-21 14:37:46,430 INFO o.a.j.t.JMeterThread: Thread finished: Thread Group 1-16
2025-12-21 14:37:46,438 INFO o.a.j.t.JMeterThread: Thread is done: Thread Group 1-12
2025-12-21 14:37:46,439 INFO o.a.j.t.JMeterThread: Thread finished: Thread Group 1-12
2025-12-21 14:37:46,501 INFO o.a.j.t.JMeterThread: Thread is done: Thread Group 1-32
2025-12-21 14:37:46,501 INFO o.a.j.t.JMeterThread: Thread finished: Thread Group 1-32
2025-12-21 14:37:46,549 INFO o.a.j.t.JMeterThread: Thread is done: Thread Group 1-4
2025-12-21 14:37:46,549 INFO o.a.j.t.JMeterThread: Thread finished: Thread Group 1-4
2025-12-21 14:37:46,639 INFO o.a.j.t.JMeterThread: Thread is done: Thread Group 1-13
2025-12-21 14:37:46,639 INFO o.a.j.t.JMeterThread: Thread finished: Thread Group 1-13
2025-12-21 14:37:46,719 INFO o.a.j.t.JMeterThread: Thread is done: Thread Group 1-23
2025-12-21 14:37:46,719 INFO o.a.j.t.JMeterThread: Thread finished: Thread Group 1-23
2025-12-21 14:37:46,736 INFO o.a.j.t.JMeterThread: Thread is done: Thread Group 1-2
2025-12-21 14:37:46,737 INFO o.a.j.t.JMeterThread: Thread finished: Thread Group 1-2
2025-12-21 14:37:46,809 INFO o.a.j.t.JMeterThread: Thread is done: Thread Group 1-22
2025-12-21 14:37:46,809 INFO o.a.j.t.JMeterThread: Thread finished: Thread Group 1-22
2025-12-21 14:37:46,838 INFO o.a.j.t.JMeterThread: Thread is done: Thread Group 1-17
2025-12-21 14:37:46,838 INFO o.a.j.t.JMeterThread: Thread finished: Thread Group 1-17
2025-12-21 14:37:46,847 INFO o.a.j.t.JMeterThread: Thread is done: Thread Group 1-34
2025-12-21 14:37:46,848 INFO o.a.j.t.JMeterThread: Thread finished: Thread Group 1-34
2025-12-21 14:37:46,853 INFO o.a.j.t.JMeterThread: Thread is done: Thread Group 1-8
2025-12-21 14:37:46,853 INFO o.a.j.t.JMeterThread: Thread finished: Thread Group 1-8
2025-12-21 14:37:46,878 INFO o.a.j.t.JMeterThread: Thread is done: Thread Group 1-33
2025-12-21 14:37:46,879 INFO o.a.j.t.JMeterThread: Thread finished: Thread Group 1-33
2025-12-21 14:37:46,884 INFO o.a.j.t.JMeterThread: Thread is done: Thread Group 1-20
2025-12-21 14:37:46,884 INFO o.a.j.t.JMeterThread: Thread finished: Thread Group 1-20
2025-12-21 14:37:46,902 INFO o.a.j.t.JMeterThread: Thread is done: Thread Group 1-26
2025-12-21 14:37:46,902 INFO o.a.j.t.JMeterThread: Thread finished: Thread Group 1-26
2025-12-21 14:37:46,936 INFO o.a.j.t.JMeterThread: Thread is done: Thread Group 1-14
2025-12-21 14:37:46,937 INFO o.a.j.t.JMeterThread: Thread finished: Thread Group 1-14
2025-12-21 14:37:46,946 INFO o.a.j.t.JMeterThread: Thread is done: Thread Group 1-21
2025-12-21 14:37:46,947 INFO o.a.j.t.JMeterThread: Thread finished: Thread Group 1-21
2025-12-21 14:37:46,973 INFO o.a.j.t.JMeterThread: Thread is done: Thread Group 1-37
2025-12-21 14:37:46,973 INFO o.a.j.t.JMeterThread: Thread finished: Thread Group 1-37
2025-12-21 14:37:46,978 INFO o.a.j.t.JMeterThread: Thread is done: Thread Group 1-27
2025-12-21 14:37:46,979 INFO o.a.j.t.JMeterThread: Thread finished: Thread Group 1-27
2025-12-21 14:37:46,998 INFO o.a.j.t.JMeterThread: Thread is done: Thread Group 1-6
2025-12-21 14:37:46,998 INFO o.a.j.t.JMeterThread: Thread finished: Thread Group 1-6
2025-12-21 14:37:47,004 INFO o.a.j.t.JMeterThread: Thread is done: Thread Group 1-11
2025-12-21 14:37:47,004 INFO o.a.j.t.JMeterThread: Thread finished: Thread Group 1-11
2025-12-21 14:37:47,106 INFO o.a.j.t.JMeterThread: Thread is done: Thread Group 1-31
2025-12-21 14:37:47,106 INFO o.a.j.t.JMeterThread: Thread finished: Thread Group 1-31
2025-12-21 14:37:47,136 INFO o.a.j.t.JMeterThread: Thread is done: Thread Group 1-15
2025-12-21 14:37:47,136 INFO o.a.j.t.JMeterThread: Thread finished: Thread Group 1-15
2025-12-21 14:37:47,171 INFO o.a.j.t.JMeterThread: Thread is done: Thread Group 1-30
2025-12-21 14:37:47,171 INFO o.a.j.t.JMeterThread: Thread finished: Thread Group 1-30
2025-12-21 14:37:47,198 INFO o.a.j.t.JMeterThread: Thread is done: Thread Group 1-24
2025-12-21 14:37:47,198 INFO o.a.j.t.JMeterThread: Thread finished: Thread Group 1-24
2025-12-21 14:37:47,232 INFO o.a.j.t.JMeterThread: Thread is done: Thread Group 1-36
2025-12-21 14:37:47,232 INFO o.a.j.t.JMeterThread: Thread finished: Thread Group 1-36
2025-12-21 14:37:47,245 INFO o.a.j.t.JMeterThread: Thread is done: Thread Group 1-35
2025-12-21 14:37:47,245 INFO o.a.j.t.JMeterThread: Thread finished: Thread Group 1-35
2025-12-21 14:37:47,248 INFO o.a.j.t.JMeterThread: Thread is done: Thread Group 1-29
2025-12-21 14:37:47,248 INFO o.a.j.t.JMeterThread: Thread finished: Thread Group 1-29
2025-12-21 14:37:47,253 INFO o.a.j.t.JMeterThread: Thread is done: Thread Group 1-18
2025-12-21 14:37:47,253 INFO o.a.j.t.JMeterThread: Thread finished: Thread Group 1-18
2025-12-21 14:37:47,254 INFO o.a.j.t.JMeterThread: Thread is done: Thread Group 1-3
2025-12-21 14:37:47,254 INFO o.a.j.t.JMeterThread: Thread finished: Thread Group 1-3
2025-12-21 14:37:47,258 INFO o.a.j.t.JMeterThread: Thread is done: Thread Group 1-38
2025-12-21 14:37:47,258 INFO o.a.j.t.JMeterThread: Thread finished: Thread Group 1-38
2025-12-21 14:37:47,267 INFO o.a.j.t.JMeterThread: Thread is done: Thread Group 1-10
2025-12-21 14:37:47,268 INFO o.a.j.t.JMeterThread: Thread finished: Thread Group 1-10
2025-12-21 14:37:47,269 INFO o.a.j.t.JMeterThread: Thread is done: Thread Group 1-1
2025-12-21 14:37:47,270 INFO o.a.j.t.JMeterThread: Thread finished: Thread Group 1-1
2025-12-21 14:37:47,274 INFO o.a.j.t.JMeterThread: Thread is done: Thread Group 1-40
2025-12-21 14:37:47,274 INFO o.a.j.t.JMeterThread: Thread finished: Thread Group 1-40
2025-12-21 14:37:47,276 INFO o.a.j.t.JMeterThread: Thread is done: Thread Group 1-5
2025-12-21 14:37:47,277 INFO o.a.j.t.JMeterThread: Thread finished: Thread Group 1-5
2025-12-21 14:37:47,291 INFO o.a.j.t.JMeterThread: Thread is done: Thread Group 1-9
2025-12-21 14:37:47,292 INFO o.a.j.t.JMeterThread: Thread finished: Thread Group 1-9
2025-12-21 14:37:47,312 INFO o.a.j.t.JMeterThread: Thread is done: Thread Group 1-42
2025-12-21 14:37:47,312 INFO o.a.j.t.JMeterThread: Thread finished: Thread Group 1-42
2025-12-21 14:37:47,317 INFO o.a.j.t.JMeterThread: Thread is done: Thread Group 1-28
2025-12-21 14:37:47,317 INFO o.a.j.t.JMeterThread: Thread finished: Thread Group 1-28
2025-12-21 14:37:47,319 INFO o.a.j.t.JMeterThread: Thread is done: Thread Group 1-43
2025-12-21 14:37:47,319 INFO o.a.j.t.JMeterThread: Thread finished: Thread Group 1-43
2025-12-21 14:37:47,325 INFO o.a.j.t.JMeterThread: Thread is done: Thread Group 1-19
2025-12-21 14:37:47,325 INFO o.a.j.t.JMeterThread: Thread finished: Thread Group 1-19
2025-12-21 14:37:47,328 INFO o.a.j.t.JMeterThread: Thread is done: Thread Group 1-44
2025-12-21 14:37:47,329 INFO o.a.j.t.JMeterThread: Thread finished: Thread Group 1-44
2025-12-21 14:37:47,366 INFO o.a.j.t.JMeterThread: Thread is done: Thread Group 1-39
2025-12-21 14:37:47,366 INFO o.a.j.t.JMeterThread: Thread finished: Thread Group 1-39
2025-12-21 14:37:47,377 INFO o.a.j.t.JMeterThread: Thread is done: Thread Group 1-47
2025-12-21 14:37:47,377 INFO o.a.j.t.JMeterThread: Thread finished: Thread Group 1-47
2025-12-21 14:37:47,379 INFO o.a.j.t.JMeterThread: Thread is done: Thread Group 1-46
2025-12-21 14:37:47,380 INFO o.a.j.t.JMeterThread: Thread finished: Thread Group 1-46
2025-12-21 14:37:47,381 INFO o.a.j.t.JMeterThread: Thread is done: Thread Group 1-41
2025-12-21 14:37:47,382 INFO o.a.j.t.JMeterThread: Thread finished: Thread Group 1-41
2025-12-21 14:37:47,402 INFO o.a.j.t.JMeterThread: Thread is done: Thread Group 1-49
2025-12-21 14:37:47,403 INFO o.a.j.t.JMeterThread: Thread finished: Thread Group 1-49
2025-12-21 14:37:47,408 INFO o.a.j.t.JMeterThread: Thread is done: Thread Group 1-45
2025-12-21 14:37:47,408 INFO o.a.j.t.JMeterThread: Thread finished: Thread Group 1-45
2025-12-21 14:37:47,421 INFO o.a.j.t.JMeterThread: Thread is done: Thread Group 1-48
2025-12-21 14:37:47,421 INFO o.a.j.t.JMeterThread: Thread finished: Thread Group 1-48
2025-12-21 14:37:47,537 INFO o.a.j.t.JMeterThread: Thread is done: Thread Group 1-50
2025-12-21 14:37:47,538 INFO o.a.j.t.JMeterThread: Thread finished: Thread Group 1-50
2025-12-21 14:37:47,604 INFO o.a.j.t.JMeterThread: Thread is done: Thread Group 1-51
2025-12-21 14:37:47,604 INFO o.a.j.t.JMeterThread: Thread finished: Thread Group 1-51
2025-12-21 14:37:47,656 INFO o.a.j.t.JMeterThread: Thread is done: Thread Group 1-53
2025-12-21 14:37:47,656 INFO o.a.j.t.JMeterThread: Thread finished: Thread Group 1-53
2025-12-21 14:37:47,723 INFO o.a.j.t.JMeterThread: Thread is done: Thread Group 1-55
2025-12-21 14:37:47,723 INFO o.a.j.t.JMeterThread: Thread finished: Thread Group 1-55
2025-12-21 14:37:47,731 INFO o.a.j.t.JMeterThread: Thread is done: Thread Group 1-52
2025-12-21 14:37:47,732 INFO o.a.j.t.JMeterThread: Thread finished: Thread Group 1-52
2025-12-21 14:37:47,756 INFO o.a.j.t.JMeterThread: Thread is done: Thread Group 1-54
2025-12-21 14:37:47,757 INFO o.a.j.t.JMeterThread: Thread finished: Thread Group 1-54
2025-12-21 14:37:47,790 INFO o.a.j.t.JMeterThread: Thread is done: Thread Group 1-57
2025-12-21 14:37:47,790 INFO o.a.j.t.JMeterThread: Thread finished: Thread Group 1-57
2025-12-21 14:37:47,817 INFO o.a.j.t.JMeterThread: Thread is done: Thread Group 1-56
2025-12-21 14:37:47,817 INFO o.a.j.t.JMeterThread: Thread finished: Thread Group 1-56
2025-12-21 14:37:47,890 INFO o.a.j.t.JMeterThread: Thread is done: Thread Group 1-58
2025-12-21 14:37:47,890 INFO o.a.j.t.JMeterThread: Thread finished: Thread Group 1-58
2025-12-21 14:37:47,910 INFO o.a.j.t.JMeterThread: Thread is done: Thread Group 1-66
2025-12-21 14:37:47,910 INFO o.a.j.t.JMeterThread: Thread finished: Thread Group 1-66
2025-12-21 14:37:47,915 INFO o.a.j.t.JMeterThread: Thread is done: Thread Group 1-59
2025-12-21 14:37:47,915 INFO o.a.j.t.JMeterThread: Thread finished: Thread Group 1-59
2025-12-21 14:37:47,930 INFO o.a.j.t.JMeterThread: Thread is done: Thread Group 1-68
2025-12-21 14:37:47,930 INFO o.a.j.t.JMeterThread: Thread finished: Thread Group 1-68
2025-12-21 14:37:47,936 INFO o.a.j.t.JMeterThread: Thread is done: Thread Group 1-62
2025-12-21 14:37:47,936 INFO o.a.j.t.JMeterThread: Thread finished: Thread Group 1-62
2025-12-21 14:37:47,961 INFO o.a.j.t.JMeterThread: Thread is done: Thread Group 1-63
2025-12-21 14:37:47,961 INFO o.a.j.t.JMeterThread: Thread finished: Thread Group 1-63
2025-12-21 14:37:47,985 INFO o.a.j.t.JMeterThread: Thread is done: Thread Group 1-61
2025-12-21 14:37:47,986 INFO o.a.j.t.JMeterThread: Thread finished: Thread Group 1-61
2025-12-21 14:37:47,991 INFO o.a.j.t.JMeterThread: Thread is done: Thread Group 1-60
2025-12-21 14:37:47,991 INFO o.a.j.t.JMeterThread: Thread finished: Thread Group 1-60
2025-12-21 14:37:48,002 INFO o.a.j.t.JMeterThread: Thread is done: Thread Group 1-65
2025-12-21 14:37:48,002 INFO o.a.j.t.JMeterThread: Thread finished: Thread Group 1-65
2025-12-21 14:37:48,012 INFO o.a.j.t.JMeterThread: Thread is done: Thread Group 1-69
2025-12-21 14:37:48,012 INFO o.a.j.t.JMeterThread: Thread finished: Thread Group 1-69
2025-12-21 14:37:48,016 INFO o.a.j.t.JMeterThread: Thread is done: Thread Group 1-74
2025-12-21 14:37:48,016 INFO o.a.j.t.JMeterThread: Thread finished: Thread Group 1-74
2025-12-21 14:37:48,021 INFO o.a.j.t.JMeterThread: Thread is done: Thread Group 1-73
2025-12-21 14:37:48,022 INFO o.a.j.t.JMeterThread: Thread finished: Thread Group 1-73
2025-12-21 14:37:48,023 INFO o.a.j.t.JMeterThread: Thread is done: Thread Group 1-64
2025-12-21 14:37:48,023 INFO o.a.j.t.JMeterThread: Thread finished: Thread Group 1-64
2025-12-21 14:37:48,029 INFO o.a.j.t.JMeterThread: Thread is done: Thread Group 1-72
2025-12-21 14:37:48,030 INFO o.a.j.t.JMeterThread: Thread finished: Thread Group 1-72
2025-12-21 14:37:48,031 INFO o.a.j.t.JMeterThread: Thread is done: Thread Group 1-71
2025-12-21 14:37:48,032 INFO o.a.j.t.JMeterThread: Thread finished: Thread Group 1-71
2025-12-21 14:37:48,038 INFO o.a.j.t.JMeterThread: Thread is done: Thread Group 1-83
2025-12-21 14:37:48,038 INFO o.a.j.t.JMeterThread: Thread finished: Thread Group 1-83
2025-12-21 14:37:48,053 INFO o.a.j.t.JMeterThread: Thread is done: Thread Group 1-79
2025-12-21 14:37:48,053 INFO o.a.j.t.JMeterThread: Thread finished: Thread Group 1-79
2025-12-21 14:37:48,060 INFO o.a.j.t.JMeterThread: Thread is done: Thread Group 1-70
2025-12-21 14:37:48,060 INFO o.a.j.t.JMeterThread: Thread finished: Thread Group 1-70
2025-12-21 14:37:48,066 INFO o.a.j.t.JMeterThread: Thread is done: Thread Group 1-75
2025-12-21 14:37:48,066 INFO o.a.j.t.JMeterThread: Thread finished: Thread Group 1-75
2025-12-21 14:37:48,071 INFO o.a.j.t.JMeterThread: Thread is done: Thread Group 1-78
2025-12-21 14:37:48,071 INFO o.a.j.t.JMeterThread: Thread finished: Thread Group 1-78
2025-12-21 14:37:48,074 INFO o.a.j.t.JMeterThread: Thread is done: Thread Group 1-67
2025-12-21 14:37:48,074 INFO o.a.j.t.JMeterThread: Thread finished: Thread Group 1-67
2025-12-21 14:37:48,082 INFO o.a.j.t.JMeterThread: Thread is done: Thread Group 1-82
2025-12-21 14:37:48,082 INFO o.a.j.t.JMeterThread: Thread finished: Thread Group 1-82
2025-12-21 14:37:48,083 INFO o.a.j.t.JMeterThread: Thread is done: Thread Group 1-77
2025-12-21 14:37:48,084 INFO o.a.j.t.JMeterThread: Thread finished: Thread Group 1-77
2025-12-21 14:37:48,085 INFO o.a.j.t.JMeterThread: Thread is done: Thread Group 1-81
2025-12-21 14:37:48,085 INFO o.a.j.t.JMeterThread: Thread finished: Thread Group 1-81
2025-12-21 14:37:48,087 INFO o.a.j.t.JMeterThread: Thread is done: Thread Group 1-80
2025-12-21 14:37:48,087 INFO o.a.j.t.JMeterThread: Thread finished: Thread Group 1-80
2025-12-21 14:37:48,113 INFO o.a.j.t.JMeterThread: Thread is done: Thread Group 1-76
2025-12-21 14:37:48,113 INFO o.a.j.t.JMeterThread: Thread finished: Thread Group 1-76
2025-12-21 14:37:48,136 INFO o.a.j.t.JMeterThread: Thread is done: Thread Group 1-85
2025-12-21 14:37:48,136 INFO o.a.j.t.JMeterThread: Thread finished: Thread Group 1-85
2025-12-21 14:37:48,172 INFO o.a.j.t.JMeterThread: Thread is done: Thread Group 1-88
2025-12-21 14:37:48,173 INFO o.a.j.t.JMeterThread: Thread finished: Thread Group 1-88
2025-12-21 14:37:48,187 INFO o.a.j.t.JMeterThread: Thread is done: Thread Group 1-86
2025-12-21 14:37:48,188 INFO o.a.j.t.JMeterThread: Thread finished: Thread Group 1-86
2025-12-21 14:37:48,192 INFO o.a.j.t.JMeterThread: Thread is done: Thread Group 1-84
2025-12-21 14:37:48,192 INFO o.a.j.t.JMeterThread: Thread finished: Thread Group 1-84
2025-12-21 14:37:48,222 INFO o.a.j.t.JMeterThread: Thread is done: Thread Group 1-90
2025-12-21 14:37:48,222 INFO o.a.j.t.JMeterThread: Thread finished: Thread Group 1-90
2025-12-21 14:37:48,224 INFO o.a.j.t.JMeterThread: Thread is done: Thread Group 1-87
2025-12-21 14:37:48,224 INFO o.a.j.t.JMeterThread: Thread finished: Thread Group 1-87
2025-12-21 14:37:48,249 INFO o.a.j.t.JMeterThread: Thread is done: Thread Group 1-89
2025-12-21 14:37:48,250 INFO o.a.j.t.JMeterThread: Thread finished: Thread Group 1-89
2025-12-21 14:37:48,256 INFO o.a.j.t.JMeterThread: Thread is done: Thread Group 1-92
2025-12-21 14:37:48,257 INFO o.a.j.t.JMeterThread: Thread finished: Thread Group 1-92
2025-12-21 14:37:48,267 INFO o.a.j.t.JMeterThread: Thread is done: Thread Group 1-91
2025-12-21 14:37:48,267 INFO o.a.j.t.JMeterThread: Thread finished: Thread Group 1-91
2025-12-21 14:37:48,270 INFO o.a.j.t.JMeterThread: Thread is done: Thread Group 1-95
2025-12-21 14:37:48,270 INFO o.a.j.t.JMeterThread: Thread finished: Thread Group 1-95
2025-12-21 14:37:48,274 INFO o.a.j.t.JMeterThread: Thread is done: Thread Group 1-93
2025-12-21 14:37:48,275 INFO o.a.j.t.JMeterThread: Thread finished: Thread Group 1-93
2025-12-21 14:37:48,345 INFO o.a.j.t.JMeterThread: Thread is done: Thread Group 1-94
2025-12-21 14:37:48,346 INFO o.a.j.t.JMeterThread: Thread finished: Thread Group 1-94
2025-12-21 14:37:48,351 INFO o.a.j.t.JMeterThread: Thread is done: Thread Group 1-97
2025-12-21 14:37:48,352 INFO o.a.j.t.JMeterThread: Thread finished: Thread Group 1-97
2025-12-21 14:37:48,401 INFO o.a.j.t.JMeterThread: Thread is done: Thread Group 1-98
2025-12-21 14:37:48,401 INFO o.a.j.t.JMeterThread: Thread finished: Thread Group 1-98
2025-12-21 14:37:48,415 INFO o.a.j.t.JMeterThread: Thread is done: Thread Group 1-96
2025-12-21 14:37:48,415 INFO o.a.j.t.JMeterThread: Thread finished: Thread Group 1-96
2025-12-21 14:37:48,430 INFO o.a.j.t.JMeterThread: Thread is done: Thread Group 1-99
2025-12-21 14:37:48,430 INFO o.a.j.t.JMeterThread: Thread finished: Thread Group 1-99
2025-12-21 14:37:48,439 INFO o.a.j.t.JMeterThread: Thread is done: Thread Group 1-100
2025-12-21 14:37:48,440 INFO o.a.j.t.JMeterThread: Thread finished: Thread Group 1-100
2025-12-21 14:37:48,441 INFO o.a.j.e.StandardJMeterEngine: Notifying test listeners of end of test
2025-12-21 14:37:48,444 INFO o.a.j.r.Summariser: summary +   2499 in 00:00:13 =  189.7/s Avg:   231 Min:   125 Max:  2579 Err:     0 (0.00%) Active: 0 Started: 100 Finished: 100
2025-12-21 14:37:48,445 INFO o.a.j.r.Summariser: summary =   2500 in 00:00:15 =  169.2/s Avg:   231 Min:   125 Max:  2579 Err:     0 (0.00%)
2025-12-21 14:37:48,447 INFO o.a.j.JMeter: Generating Dashboard
2025-12-21 14:37:48,447 INFO o.a.j.r.d.ReportGenerator: Flushing result collector before report Generation
2025-12-21 14:37:48,485 INFO o.a.j.r.p.NormalizerSampleConsumer: Using format, 'ms', to parse timeStamp field
2025-12-21 14:37:49,210 INFO o.a.j.r.p.AbstractSampleConsumer: class org.apache.jmeter.report.processor.AggregateConsumer#stopProducing(): beginDate produced 0 samples
2025-12-21 14:37:49,210 INFO o.a.j.r.p.AbstractSampleConsumer: class org.apache.jmeter.report.processor.AggregateConsumer#stopProducing(): endDate produced 0 samples
2025-12-21 14:37:49,217 INFO o.a.j.r.p.AbstractSampleConsumer: class org.apache.jmeter.report.processor.ApdexSummaryConsumer#stopProducing(): apdexSummary produced 0 samples
2025-12-21 14:37:49,218 INFO o.a.j.r.p.AbstractSampleConsumer: class org.apache.jmeter.report.processor.RequestsSummaryConsumer#stopProducing(): requestsSummary produced 0 samples
2025-12-21 14:37:49,239 INFO o.a.j.r.p.AbstractSampleConsumer: class org.apache.jmeter.report.processor.StatisticsSummaryConsumer#stopProducing(): statisticsSummary produced 0 samples
2025-12-21 14:37:49,243 INFO o.a.j.r.p.AbstractSampleConsumer: class org.apache.jmeter.report.processor.Top5ErrorsBySamplerConsumer#stopProducing(): top5ErrorsBySampler produced 0 samples
2025-12-21 14:37:49,244 INFO o.a.j.r.p.AbstractSampleConsumer: class org.apache.jmeter.report.processor.ErrorsSummaryConsumer#stopProducing(): errorsSummary produced 0 samples
2025-12-21 14:37:49,244 INFO o.a.j.r.p.AbstractSampleConsumer: class org.apache.jmeter.report.processor.graph.impl.HitsPerSecondGraphConsumer#stopProducing(): hitsPerSecond produced 0 samples
2025-12-21 14:37:49,424 INFO o.a.j.r.p.AbstractSampleConsumer: class org.apache.jmeter.report.processor.graph.impl.LatencyVSRequestGraphConsumer#stopProducing(): latencyVsRequest produced 0 samples
2025-12-21 14:37:49,428 INFO o.a.j.r.p.AbstractSampleConsumer: class org.apache.jmeter.report.processor.graph.impl.SyntheticResponseTimeDistributionGraphConsumer#stopProducing(): syntheticResponseTimeDistribution produced 0 samples
2025-12-21 14:37:49,430 INFO o.a.j.r.p.AbstractSampleConsumer: class org.apache.jmeter.report.processor.graph.impl.BytesThroughputGraphConsumer#stopProducing(): bytesThroughputOverTime produced 0 samples
2025-12-21 14:37:49,430 INFO o.a.j.r.p.AbstractSampleConsumer: class org.apache.jmeter.report.processor.graph.impl.CodesPerSecondGraphConsumer#stopProducing(): codesPerSecond produced 0 samples
2025-12-21 14:37:49,507 INFO o.a.j.r.p.AbstractSampleConsumer: class org.apache.jmeter.report.processor.graph.impl.ResponseTimeVSRequestGraphConsumer#stopProducing(): responseTimeVsRequest produced 0 samples
2025-12-21 14:37:49,509 INFO o.a.j.r.p.AbstractSampleConsumer: class org.apache.jmeter.report.processor.FilterConsumer#stopProducing(): startIntervalControlerFilter produced 17500 samples
2025-12-21 14:37:49,509 INFO o.a.j.r.p.AbstractSampleConsumer: class org.apache.jmeter.report.processor.graph.impl.TotalTPSGraphConsumer#stopProducing(): totalTPS produced 0 samples
2025-12-21 14:37:49,509 INFO o.a.j.r.p.AbstractSampleConsumer: class org.apache.jmeter.report.processor.graph.impl.ActiveThreadsGraphConsumer#stopProducing(): activeThreadsOverTime produced 0 samples
2025-12-21 14:37:49,509 INFO o.a.j.r.p.AbstractSampleConsumer: class org.apache.jmeter.report.processor.graph.impl.TimeVSThreadGraphConsumer#stopProducing(): timeVsThreads produced 0 samples
2025-12-21 14:37:49,511 INFO o.a.j.r.p.AbstractSampleConsumer: class org.apache.jmeter.report.processor.graph.impl.ResponseTimeDistributionGraphConsumer#stopProducing(): responseTimeDistribution produced 0 samples
2025-12-21 14:37:49,511 INFO o.a.j.r.p.AbstractSampleConsumer: class org.apache.jmeter.report.processor.graph.impl.TransactionsPerSecondGraphConsumer#stopProducing(): transactionsPerSecond produced 0 samples
2025-12-21 14:37:49,511 INFO o.a.j.r.p.AbstractSampleConsumer: class org.apache.jmeter.report.processor.graph.impl.ResponseTimePercentilesGraphConsumer#stopProducing(): responseTimePercentiles produced 0 samples
2025-12-21 14:37:49,518 INFO o.a.j.r.p.AbstractSampleConsumer: class org.apache.jmeter.report.processor.graph.impl.ResponseTimePercentilesOverTimeGraphConsumer#stopProducing(): responseTimePercentilesOverTime produced 0 samples
2025-12-21 14:37:49,521 INFO o.a.j.r.p.AbstractSampleConsumer: class org.apache.jmeter.report.processor.graph.impl.ResponseTimeOverTimeGraphConsumer#stopProducing(): responseTimesOverTime produced 0 samples
2025-12-21 14:37:49,522 INFO o.a.j.r.p.AbstractSampleConsumer: class org.apache.jmeter.report.processor.graph.impl.ConnectTimeOverTimeGraphConsumer#stopProducing(): connectTimeOverTime produced 0 samples
2025-12-21 14:37:49,522 INFO o.a.j.r.p.AbstractSampleConsumer: class org.apache.jmeter.report.processor.graph.impl.LatencyOverTimeGraphConsumer#stopProducing(): latenciesOverTime produced 0 samples
2025-12-21 14:37:49,522 INFO o.a.j.r.p.AbstractSampleConsumer: class org.apache.jmeter.report.processor.FilterConsumer#stopProducing(): nameFilter produced 37500 samples
2025-12-21 14:37:49,522 INFO o.a.j.r.p.AbstractSampleConsumer: class org.apache.jmeter.report.processor.FilterConsumer#stopProducing(): dateRangeFilter produced 7500 samples
2025-12-21 14:37:49,523 INFO o.a.j.r.p.AbstractSampleConsumer: class org.apache.jmeter.report.processor.NormalizerSampleConsumer#stopProducing(): normalizer produced 2500 samples
2025-12-21 14:37:49,524 INFO o.a.j.r.p.CsvFileSampleSource: produce(): 2500 samples produced in 942ms on channel 0
2025-12-21 14:37:49,524 INFO o.a.j.r.d.ReportGenerator: Exporting data using exporter:'json' of className:'org.apache.jmeter.report.dashboard.JsonExporter'
2025-12-21 14:37:49,798 INFO o.a.j.r.d.JsonExporter: Found data for consumer statisticsSummary in context
2025-12-21 14:37:49,798 INFO o.a.j.r.d.JsonExporter: Creating statistics for overall
2025-12-21 14:37:49,799 INFO o.a.j.r.d.JsonExporter: Creating statistics for other transactions
2025-12-21 14:37:49,800 INFO o.a.j.r.d.JsonExporter: Checking output folder
2025-12-21 14:37:49,800 INFO o.a.j.r.d.JsonExporter: Writing statistics JSON to /tmp/jmeter/results/report/statistics.json
2025-12-21 14:37:49,922 INFO o.a.j.r.d.ReportGenerator: Exporting data using exporter:'html' of className:'org.apache.jmeter.report.dashboard.HtmlTemplateExporter'
2025-12-21 14:37:49,928 INFO o.a.j.r.d.HtmlTemplateExporter: Will generate dashboard in folder: /tmp/jmeter/results/report
2025-12-21 14:37:50,284 INFO o.a.j.r.d.HtmlTemplateExporter: Report will be generated in: /tmp/jmeter/results/report, creating folder structure
2025-12-21 14:37:50,291 INFO o.a.j.r.d.TemplateVisitor: Copying folder from '/tmp/jmeter/apache-jmeter-5.6.3/bin/report-template' to '/tmp/jmeter/results/report', got message: /tmp/jmeter/results/report, found non empty folder with following content [/tmp/jmeter/results/report/statistics.json], will be ignored
2025-12-21 14:37:50,791 INFO o.a.j.JMeter: Dashboard generated
